2023.08.18 22:52:34 INFO  Started: Metals version 1.0.0 in folders 'C:\Users\koude\Documents\koud-dany.github.io' for client Visual Studio Code 1.81.1.
Aug 18, 2023 10:52:34 PM org.flywaydb.core.internal.license.VersionPrinter printVersionOnly
INFO: Flyway Community Edition 9.20.1 by Redgate
Aug 18, 2023 10:52:34 PM org.flywaydb.core.internal.license.VersionPrinter printVersion
INFO: See release notes here: https://rd.gt/416ObMi
Aug 18, 2023 10:52:34 PM org.flywaydb.core.internal.license.VersionPrinter printVersion
INFO: 
Aug 18, 2023 10:52:35 PM org.flywaydb.core.internal.database.base.BaseDatabaseType createDatabase
INFO: Database: jdbc:h2:file:C:\Users\koude\Documents\koud-dany.github.io\.metals\metals (H2 2.1)
Aug 18, 2023 10:52:35 PM org.flywaydb.core.internal.schemahistory.JdbcTableSchemaHistory allAppliedMigrations
INFO: Schema history table "PUBLIC"."flyway_schema_history" does not exist yet
Aug 18, 2023 10:52:35 PM org.flywaydb.core.internal.command.DbValidate validate
INFO: Successfully validated 4 migrations (execution time 00:00.033s)
Aug 18, 2023 10:52:35 PM org.flywaydb.core.internal.schemahistory.JdbcTableSchemaHistory create
INFO: Creating Schema History table "PUBLIC"."flyway_schema_history" ...
Aug 18, 2023 10:52:35 PM org.flywaydb.core.internal.command.DbMigrate migrateGroup
INFO: Current version of schema "PUBLIC": << Empty Schema >>
Aug 18, 2023 10:52:35 PM org.flywaydb.core.internal.command.DbMigrate doMigrateGroup
INFO: Migrating schema "PUBLIC" to version "1 - Create tables"
Aug 18, 2023 10:52:35 PM org.flywaydb.core.internal.command.DbMigrate doMigrateGroup
INFO: Migrating schema "PUBLIC" to version "2 - Server discovery"
Aug 18, 2023 10:52:35 PM org.flywaydb.core.internal.command.DbMigrate doMigrateGroup
INFO: Migrating schema "PUBLIC" to version "3 - Jar symbols"
Aug 18, 2023 10:52:35 PM org.flywaydb.core.internal.command.DbMigrate doMigrateGroup
INFO: Migrating schema "PUBLIC" to version "4 - Fingerprints"
Aug 18, 2023 10:52:35 PM org.flywaydb.core.internal.command.DbMigrate logSummary
INFO: Successfully applied 4 migrations to schema "PUBLIC", now at version v4 (execution time 00:00.031s)
2023.08.18 22:52:35 INFO  time: initialize in 0.91s
2023.08.18 22:52:38 WARN  Build server is not auto-connectable.
2023.08.18 22:52:38 WARN  no build tool detected in workspace 'C:\Users\koude\Documents\koud-dany.github.io'. The most common cause for this problem is that the editor was opened in the wrong working directory, for example if you use sbt then the workspace directory should contain build.sbt. 
2023.08.18 23:57:35 INFO  Shutting down server
2023.08.18 23:57:35 INFO  shutting down Metals
2023.08.18 23:57:35 INFO  Exiting server
